Feb 15, 2026 11:28:04.662 [139811609557816] INFO - Plex Media Server v1.43.0.10492-121068a07 - Docker Docker Container (LinuxServer.io) x86_64 - build: linux-x86_64 debian - GMT 01:00
Feb 15, 2026 11:28:04.666 [139811609557816] INFO - Linux version: 6.18.5-1-cachyos, language: en-US
Feb 15, 2026 11:28:04.670 [139811609557816] INFO - Processor: 4-core Intel(R) Pentium(R) CPU  N3710  @ 1.60GHz
Feb 15, 2026 11:28:04.670 [139811609557816] INFO - Compiler is - Clang 11.0.1 (https://plex.tv 9b997da8e5b47bdb4a9425b3a3b290be393b4b1f)
Feb 15, 2026 11:28:04.673 [139811609557816] INFO - /usr/lib/plexmediaserver/Plex Media Server
Feb 15, 2026 11:28:04.694 [139811612088976] DEBUG - BPQ: [Idle] -> [Starting]
Feb 15, 2026 11:28:04.723 [139811612088976] DEBUG - FeatureManager: Using cached data for features list
Feb 15, 2026 11:28:04.890 [139811612088976] DEBUG - MyPlex: mapping state set to 'Unknown'.
Feb 15, 2026 11:28:04.912 [139811612088976] DEBUG - Relay: read 0 cached entries from hosts file
Feb 15, 2026 11:28:04.980 [139811612088976] DEBUG - Opening 20 database sessions to library (com.plexapp.plugins.library), SQLite 3.39.4, threadsafe=1
Feb 15, 2026 11:28:06.590 [139811604863800] DEBUG - [JobRunner] Job running: /usr/lib/plexmediaserver/CrashUploader "--directory=/config/Library/Application Support/Plex Media Server/Crash Reports/1.43.0.10492-121068a07" --version=1.43.0.10492-121068a07 --platform=Linux --platformVersion=6.18.5-1-cachyos --serverUuid=3432eba04b371938a6a13b3c2bbe17affc12b792 --userId=NOUSERID --sentryUrl=https://o17675.ingest.sentry.io/api/1233455/ --sentryKey=xxxxxxxxxxxxxxxxxxxxxxxxxxxxxxxx --vendor=Docker --model=x86_64 "--device=Docker Container (LinuxServer.io)"
Feb 15, 2026 11:28:06.618 [139811604863800] DEBUG - [JobRunner] Jobs: Starting child process with pid 283
Feb 15, 2026 11:28:06.798 [139811612088976] DEBUG - MyPlex: no cached data to load for request for https://plex.tv/api/v2/server/users/features
Feb 15, 2026 11:28:07.134 [139811612088976] DEBUG - HttpServer: Listening on IPv6 as well as IPv4.
Feb 15, 2026 11:28:07.135 [139811612088976] DEBUG - HttpServer: Listening on port 32400.
Feb 15, 2026 11:28:07.136 [139811612088976] DEBUG - HttpServer: Listening on port 32401.
Feb 15, 2026 11:28:07.138 [139811612088976] DEBUG - Running server...
Feb 15, 2026 11:28:07.141 [139811591809848] DEBUG - HttpServer: Set up a thread pool with 2 threads.
Feb 15, 2026 11:28:07.142 [139811612088976] INFO - Running migrations. (EPG 0)
Feb 15, 2026 11:28:07.149 [139811612088976] DEBUG - Captured session 0.
Feb 15, 2026 11:28:07.149 [139811612088976] DEBUG - Captured session 1.
Feb 15, 2026 11:28:07.150 [139811612088976] DEBUG - Captured session 2.
Feb 15, 2026 11:28:07.150 [139811612088976] DEBUG - Captured session 3.
Feb 15, 2026 11:28:07.150 [139811612088976] DEBUG - Captured session 4.
Feb 15, 2026 11:28:07.150 [139811612088976] DEBUG - Captured session 5.
Feb 15, 2026 11:28:07.150 [139811612088976] DEBUG - Captured session 6.
Feb 15, 2026 11:28:07.150 [139811612088976] DEBUG - Captured session 7.
Feb 15, 2026 11:28:07.150 [139811612088976] DEBUG - Captured session 8.
Feb 15, 2026 11:28:07.150 [139811612088976] DEBUG - Captured session 9.
Feb 15, 2026 11:28:07.150 [139811612088976] DEBUG - Captured session 10.
Feb 15, 2026 11:28:07.150 [139811612088976] DEBUG - Captured session 11.
Feb 15, 2026 11:28:07.150 [139811612088976] DEBUG - Captured session 12.
Feb 15, 2026 11:28:07.150 [139811612088976] DEBUG - Captured session 13.
Feb 15, 2026 11:28:07.150 [139811612088976] DEBUG - Captured session 14.
Feb 15, 2026 11:28:07.150 [139811612088976] DEBUG - Captured session 15.
Feb 15, 2026 11:28:07.150 [139811612088976] DEBUG - Captured session 16.
Feb 15, 2026 11:28:07.150 [139811612088976] DEBUG - Captured session 17.
Feb 15, 2026 11:28:07.150 [139811612088976] DEBUG - Captured session 18.
Feb 15, 2026 11:28:07.150 [139811612088976] DEBUG - Captured session 19.
Feb 15, 2026 11:28:07.165 [139811612088976] DEBUG - ChangestampAllocator: initialized to 0
Feb 15, 2026 11:28:07.166 [139811612088976] DEBUG - Opening 2 database sessions to library (com.plexapp.plugins.library.blobs), SQLite 3.39.4, threadsafe=1
Feb 15, 2026 11:28:07.212 [139811607358264] DEBUG - Jobs: '/usr/lib/plexmediaserver/CrashUploader' exit code for process 283 is 0 (success)
Feb 15, 2026 11:28:07.217 [139811612088976] INFO - Running migrations. (EPG 0)
Feb 15, 2026 11:28:07.218 [139811612088976] DEBUG - Captured session 0.
Feb 15, 2026 11:28:07.218 [139811612088976] DEBUG - Captured session 1.
Feb 15, 2026 11:28:07.221 [139811604863800] INFO - Preemptively preparing driver ivd for GPU Intel Atom/Celeron/Pentium Processor x5-E8000/J3xxx/N3xxx Integrated Graphics Controller
Feb 15, 2026 11:28:07.221 [139811604863800] DEBUG - [DriverDL/ivd] Skipping download; already exists
Feb 15, 2026 11:28:07.297 [139811597138744] DEBUG - Request: didn't get any data from [::1]:37006: End of file
Feb 15, 2026 11:28:07.327 [139811604863800] DEBUG - Grabber: Cleaning up orphaned grabs.
Feb 15, 2026 11:28:07.327 [139811604863800] DEBUG - Grabber: Cleaned up 0 decrepit directories in 0.0 sec.
Feb 15, 2026 11:28:07.328 [139811612088976] DEBUG - Media Provider: Registering provider com.plexapp.plugins.library
Feb 15, 2026 11:28:07.328 [139811612088976] DEBUG - Auth: Refreshing tokens inside the token-based authentication filter.
Feb 15, 2026 11:28:07.329 [139811604863800] DEBUG - Auth: Refreshing tokens inside the token-based authentication filter.
Feb 15, 2026 11:28:07.329 [139811612088976] DEBUG - Opening 1 database sessions to library (), SQLite 3.39.4, threadsafe=1
Feb 15, 2026 11:28:07.361 [139811587582776] DEBUG - File "/usr/lib/plexmediaserver/Resources/Plug-ins-121068a07" changed: -1 => 2026-02-11 17:26:15 (1770827175).
Feb 15, 2026 11:28:07.361 [139811587582776] DEBUG - File "/config/Library/Application Support/Plex Media Server/Plug-ins" changed: -1 => 2026-02-13 14:03:37 (1770987817).
Feb 15, 2026 11:28:07.361 [139811587582776] DEBUG - Scanning for plug-ins in "/usr/lib/plexmediaserver/Resources/Plug-ins-121068a07"
Feb 15, 2026 11:28:07.529 [139811587582776] DEBUG - Scanning for plug-ins in "/config/Library/Application Support/Plex Media Server/Plug-ins"
Feb 15, 2026 11:28:07.530 [139811587582776] DEBUG - PluginRepository::setStartState: 1, startingSystem
Feb 15, 2026 11:28:07.530 [139811587582776] DEBUG - Starting plug-in /usr/lib/plexmediaserver/Resources/Plug-ins-121068a07/System.bundle.
Feb 15, 2026 11:28:07.543 [139811587582776] DEBUG - [com.plexapp.system] Setting plug-in to always running (daemon mode).
Feb 15, 2026 11:28:07.567 [139811587582776] DEBUG - Starting file watcher for com.plexapp.system
Feb 15, 2026 11:28:07.578 [139811587582776] DEBUG - Plugin: setting environment variable: 'PYTHONHOME=/usr/lib/plexmediaserver/Resources/Python'
Feb 15, 2026 11:28:07.588 [139811587582776] DEBUG - Plugin: setting environment variable: 'PYTHONPATH=/usr/lib/plexmediaserver/Resources/Python/python27.zip:/usr/lib/plexmediaserver/Resources/Python/lib/python2.7/site-packages'
Feb 15, 2026 11:28:07.676 [139811587582776] DEBUG - Spawned plug-in com.plexapp.system with PID 292
Feb 15, 2026 11:28:07.678 [139811587582776] DEBUG - [com.plexapp.system] Sending command: GET /:/prefixes
Feb 15, 2026 11:28:10.332 [139811604863800] DEBUG - [MediaProviderManager] Refreshing media providers
Feb 15, 2026 11:28:15.760 [139811604863800] DEBUG - [MediaProviderManager] we had 0 cloud providers online, we now have 1
Feb 15, 2026 11:28:15.760 [139811604863800] DEBUG - [MediaProviderManager] cloud provider (Metadata) is online and available
Feb 15, 2026 11:28:15.775 [139811604863800] DEBUG - [MediaProviderManager/MetadataAgentManager] Found media provider for agent provider 'tv.plex.agents.movie' with source URI 'provider://tv.plex.provider.metadata'
Feb 15, 2026 11:28:15.806 [139811604863800] DEBUG - [MediaProviderManager/MetadataAgentManager] Found media provider for agent provider 'tv.plex.agents.series' with source URI 'provider://tv.plex.provider.metadata'
Feb 15, 2026 11:28:15.806 [139811604863800] DEBUG - [MediaProviderManager/MetadataAgentManager] Found media provider for agent provider 'tv.plex.agents.music' with source URI 'provider://tv.plex.provider.metadata'
Feb 15, 2026 11:28:15.835 [139811604863800] DEBUG - [MediaProviderManager/MetadataAgentManager] Found media provider for agent provider 'org.musicbrainz.agents.music' with source URI 'provider://tv.plex.provider.metadata'
Feb 15, 2026 11:28:15.835 [139811604863800] DEBUG - [MediaProviderManager] Media provider refresh complete
Feb 15, 2026 11:28:17.331 [139811580271416] DEBUG - Grabber: Plex Tuner Service not running; retrying in 10 seconds.
Feb 15, 2026 11:28:27.337 [139811580271416] DEBUG - Grabber: Plex Tuner Service not running; retrying in 10 seconds.
Feb 15, 2026 11:28:35.696 [139811578104632] DEBUG - Request: [127.0.0.1:50794 (Loopback)] GET /:/plugins/com.plexapp.system/messaging/function/X0J1bmRsZVNlcnZpY2U6QWxsU2VydmljZXM_/Y2VyZWFsMQoxCmxpc3QKMApyMAo_/Y2VyZWFsMQoxCmRpY3QKMApyMAo_ (2 live) #3 GZIP Token ()
Feb 15, 2026 11:28:35.728 [139811574909752] DEBUG - Request: [127.0.0.1:50808 (Loopback)] GET / (3 live) #6 GZIP Token ()
Feb 15, 2026 11:28:35.730 [139811597138744] DEBUG - Completed: [127.0.0.1:50794] 503 GET /:/plugins/com.plexapp.system/messaging/function/X0J1bmRsZVNlcnZpY2U6QWxsU2VydmljZXM_/Y2VyZWFsMQoxCmxpc3QKMApyMAo_/Y2VyZWFsMQoxCmRpY3QKMApyMAo_ (3 live) #3 GZIP 34ms 436 bytes
Feb 15, 2026 11:28:35.730 [139811597138744] DEBUG - Completed: [127.0.0.1:50808] 503 GET / (3 live) #6 GZIP 6ms 436 bytes
Feb 15, 2026 11:28:37.338 [139811604863800] DEBUG - Grabber: Plex Tuner Service not running; retrying in 10 seconds.
Feb 15, 2026 11:28:47.339 [139811580271416] DEBUG - Grabber: Plex Tuner Service not running; retrying in 10 seconds.
