Feb 13, 2026 14:03:37.957 [0x7fb7d48a8b38] INFO - Plex Tuner Service v1.43.0.10492-121068a07 - Docker Docker Container (LinuxServer.io) x86_64 - build: 
Feb 13, 2026 14:03:37.958 [0x7fb7d48a8b38] INFO - Linux version: 6.18.5-1-cachyos (#1 SMP PREEMPT_DYNAMIC Sat, 17 Jan 2026 15:33:37 +0000), language: en-US
Feb 13, 2026 14:03:37.958 [0x7fb7d48a8b38] INFO - Processor       Intel(R) Pentium(R) CPU  N3710  @ 1.60GHz
Feb 13, 2026 14:03:37.958 [0x7fb7d48a8b38] INFO - /usr/lib/plexmediaserver/Plex Tuner Service /usr/lib/plexmediaserver/Resources/Tuner/Private /usr/lib/plexmediaserver/Resources/Tuner/Shared 1.43.0.10492-121068a07 32600
Feb 13, 2026 14:03:37.959 [0x7fb7d641a808] INFO - [I] broker_t::start...
Feb 13, 2026 14:03:37.974 [0x7fb7d641a808] INFO - [I] device_manager_t::init.
Feb 13, 2026 14:03:37.974 [0x7fb7d641a808] INFO - [I] device_manager_t::init. Initialize provider manager
Feb 13, 2026 14:03:37.974 [0x7fb7d641a808] INFO - [I] device_manager_t::init. Initialize all device auxes
Feb 13, 2026 14:03:37.974 [0x7fb7d641a808] INFO - [I] dvb_device_factory_t::get_aux_list
Feb 13, 2026 14:03:37.975 [0x7fb7d641a808] INFO - [I] tvbutler_aux_t::init
Feb 13, 2026 14:03:37.984 [0x7fb7d641a808] INFO - [I] web_server_t::start. Starting web server on port 32600
Feb 13, 2026 14:03:41.340 [0x7fb7d461cb38] INFO - [I] web_service_t::process_device_discovery
Feb 13, 2026 14:03:41.340 [0x7fb7d461cb38] INFO - [I] device_reactor_t::get_device_list ()
Feb 13, 2026 14:03:43.445 [0x7fb7d461cb38] INFO - [I] SAT2IP - discover_satip_servers(): no servers found
Feb 13, 2026 14:03:43.857 [0x7fb7d461cb38] INFO - [I] v4l::DeviceGetList_impl. getting v4l device list
Feb 13, 2026 14:03:43.911 [0x7fb7d461cb38] INFO - [I] onetv_factory::DeviceGetListEx >>
Feb 13, 2026 14:03:43.913 [0x7fb7d461cb38] WARN - [W] onetv_factory::DeviceGetListEx. libusb_init returned an error -99
Feb 13, 2026 14:55:22.659 [0x7fb7d641a808] INFO - Received SIGINT: Interrupt from keyboard.
Feb 13, 2026 14:55:22.700 [0x7fb7d641a808] INFO - [I] device_manager_t::term
Feb 13, 2026 14:55:22.700 [0x7fb7d641a808] INFO - [I] device_manager_t::term. Stop all devices
Feb 13, 2026 14:55:22.700 [0x7fb7d641a808] INFO - [I] device_manager_t::term. Shut down all device auxes
Feb 13, 2026 14:55:22.700 [0x7fb7d641a808] INFO - [I] tvbutler_aux_t::term
Feb 13, 2026 14:55:22.711 [0x7fb7d641a808] INFO - [I] web_server_t::stop. Web server is stopped
