2026-02-15 11:28:32,047 (7f09edd79808) :  INFO (core:349) - Starting framework core - Version: 2.6.3, Build: 121068a (Wed Feb 04 17:26:55 UTC 2026)
2026-02-15 11:28:32,050 (7f09edd79808) :  DEBUG (core:361) - Using the elevated policy
2026-02-15 11:28:32,054 (7f09edd79808) :  DEBUG (core:365) - Extending whitelist: ['cgi', 'tempfile']
2026-02-15 11:28:32,056 (7f09edd79808) :  DEBUG (core:450) - Starting runtime component.
2026-02-15 11:28:32,062 (7f09edd79808) :  DEBUG (core:450) - Starting caching component.
2026-02-15 11:28:32,063 (7f09edd79808) :  DEBUG (core:450) - Starting data component.
2026-02-15 11:28:32,064 (7f09edd79808) :  DEBUG (core:450) - Starting networking component.
2026-02-15 11:28:32,083 (7f09edd79808) :  DEBUG (networking:262) - Loaded HTTP cookies
2026-02-15 11:28:32,086 (7f09edd79808) :  DEBUG (caching:108) - No info file found, trashing the cache folder
2026-02-15 11:28:32,142 (7f09edd79808) :  DEBUG (networking:434) - Setting the default network timeout to 20.0
2026-02-15 11:28:32,167 (7f09edd79808) :  DEBUG (core:450) - Starting localization component.
2026-02-15 11:28:32,170 (7f09edd79808) :  INFO (localization:409) - Setting the default locale to en-us
2026-02-15 11:28:32,172 (7f09edd79808) :  WARNING (data:179) - Error decoding with simplejson, using demjson instead (this will cause a performance hit) - Expecting property name enclosed in double quotes: line 26 column 1 (char 1078)
2026-02-15 11:28:32,288 (7f09edd79808) :  DEBUG (localization:427) - Loaded en strings
2026-02-15 11:28:32,294 (7f09edd79808) :  DEBUG (core:450) - Starting messaging component.
2026-02-15 11:28:32,296 (7f09edd79808) :  DEBUG (core:450) - Starting debugging component.
2026-02-15 11:28:32,300 (7f09edd79808) :  DEBUG (core:450) - Starting services component.
2026-02-15 11:28:32,304 (7f09edd79808) :  DEBUG (core:450) - Starting myplex component.
2026-02-15 11:28:32,309 (7f09edd79808) :  DEBUG (core:450) - Starting notifications component.
2026-02-15 11:28:35,389 (7f09edd79808) :  DEBUG (accessor:68) - Creating a new model access point for provider com.plexapp.system in namespace 'metadata'
2026-02-15 11:28:35,669 (7f09ea7cab38) :  DEBUG (services:265) - Plug-in is not daemonized - loading services from system
2026-02-15 11:28:35,672 (7f09ea7cab38) :  DEBUG (networking:144) - Requesting 'http://127.0.0.1:32400/:/plugins/com.plexapp.system/messaging/function/X0J1bmRsZVNlcnZpY2U6QWxsU2VydmljZXM_/Y2VyZWFsMQoxCmxpc3QKMApyMAo_/Y2VyZWFsMQoxCmRpY3QKMApyMAo_'
2026-02-15 11:28:35,685 (7f09edd79808) :  DEBUG (runtime:1117) - Created a thread named 'load_all_services'
2026-02-15 11:28:35,696 (7f09edd79808) :  DEBUG (runtime:1117) - Created a thread named 'get_server_info'
2026-02-15 11:28:35,697 (7f09edd79808) :  DEBUG (core:150) - Finished starting framework core
2026-02-15 11:28:35,697 (7f09edd79808) :  DEBUG (core:560) - Loading plug-in code
2026-02-15 11:28:35,695 (7f09ea73db38) :  DEBUG (networking:144) - Requesting 'http://127.0.0.1:32400'
2026-02-15 11:28:35,805 (7f09ea7cab38) :  ERROR (networking:197) - Error opening URL 'http://127.0.0.1:32400/:/plugins/com.plexapp.system/messaging/function/X0J1bmRsZVNlcnZpY2U6QWxsU2VydmljZXM_/Y2VyZWFsMQoxCmxpc3QKMApyMAo_/Y2VyZWFsMQoxCmRpY3QKMApyMAo_'
2026-02-15 11:28:35,806 (7f09ea7cab38) :  ERROR (services:272) - Unable to load services from system. Loading from the current bundle only.
2026-02-15 11:28:35,809 (7f09ea7cab38) :  DEBUG (services:362) - Loaded services
2026-02-15 11:28:35,811 (7f09ea73db38) :  ERROR (networking:197) - Error opening URL 'http://127.0.0.1:32400'
2026-02-15 11:28:35,817 (7f09ea73db38) :  WARNING (core:541) - Unable to retrieve the machine identifier or server version.
2026-02-15 11:28:36,132 (7f09ea760b38) :  DEBUG (services:438) - No shared code to load
2026-02-15 11:28:36,591 (7f09edd79808) :  DEBUG (core:566) - Finished loading plug-in code
2026-02-15 11:28:36,594 (7f09edd79808) :  DEBUG (runtime:640) - Adding a prefix handler for 'System' ('/system')
